
number: 1000

(3, 271)            : 813
(5, 31)             : [155, 775]
(2, 223)            : [446, 892]
(2, 5, 11)          : [110, 220, 440, 550, 880]
(3, 317)            : 951
(2, 491)            : 982
(3, 277)            : 831
(5, 193)            : 965
(2, 3, 5, 11)       : [330, 660, 990]
(3, 193)            : 579
(2, 269)            : 538
(2, 3, 5, 7)        : [210, 420, 630, 840]
(2, 373)            : 746
(2, 3, 5, 29)       : 870
(2, 3, 5, 19)       : 570
(2, 53)             : [106, 212, 424, 848]
(2, 47)             : [94, 188, 376, 752]
(2, 379)            : 758
(11, 83)            : 913
(7, 137)            : 959
(2, 3, 37)          : [222, 444, 666, 888]
(2, 73)             : [146, 292, 584]
(11, 41)            : 451
(5, 157)            : 785
(5, 7, 11)          : 385
(3, 101)            : [303, 909]
(2, 157)            : [314, 628]
(5, 103)            : 515
(3, 11)             : [33, 99, 297, 363, 891]
(3, 7, 43)          : 903
(7, 113)            : 791
(2, 3, 61)          : [366, 732]
(3, 13, 19)         : 741
(3, 17)             : [51, 153, 459, 867]
(5, 43)             : 215
(3, 5, 53)          : 795
(2, 3, 103)         : 618
(2, 5, 19)          : [190, 380, 760, 950]
(7, 37)             : 259
(5, 53)             : 265
(2, 229)            : [458, 916]
(2, 17, 23)         : 782
(3, 7, 19)          : 399
(2, 3, 53)          : [318, 636, 954]
(2, 313)            : 626
(3, 251)            : 753
(5, 131)            : 655
(2, 7)              : [14, 28, 56, 98, 112, 196, 224, 392, 448, 686, 784, 896]
(2, 11, 19)         : [418, 836]
(3, 5, 61)          : 915
(2, 3, 127)         : 762
(2, 5, 43)          : [430, 860]
(5, 173)            : 865
(3, 167)            : 501
(19,)               : 361
(2, 11, 17)         : [374, 748]
(2, 359)            : 718
(23, 31)            : 713
(17, 43)            : 731
(13, 37)            : 481
(11, 61)            : 671
(5, 79)             : 395
(3, 83)             : [249, 747]
(3, 5, 37)          : 555
(11, 19)            : 209
(7, 73)             : 511
(2, 137)            : [274, 548]
(7, 103)            : 721
(3, 31)             : [93, 279, 837]
(2, 163)            : [326, 652]
(2, 463)            : 926
(5, 29)             : [145, 725]
(3, 37)             : [111, 333, 999]
(2, 7, 67)          : 938
(3, 313)            : 939
(2, 3, 157)         : 942
(2, 5, 59)          : 590
(3, 11, 17)         : 561
(2, 3, 7)           : [42, 84, 126, 168, 252, 294, 336, 378, 504, 588, 672, 756, 882]
(5, 197)            : 985
(2, 7, 17)          : [238, 476, 952]
(7, 71)             : 497
(3, 233)            : 699
(3, 7, 11)          : [231, 693]
(2, 293)            : 586
(19, 41)            : 779
(2, 11, 43)         : 946
(3, 149)            : 447
(7, 139)            : 973
(2, 71)             : [142, 284, 568]
(17, 37)            : 629
(2, 3, 73)          : [438, 876]
(5, 89)             : 445
(2, 7, 41)          : 574
(2, 5, 89)          : 890
(2, 97)             : [194, 388, 776]
(5,)                : [25, 125, 625]
(3, 103)            : [309, 927]
(3, 5, 29)          : 435
(5, 101)            : 505
(3, 13)             : [39, 117, 351, 507]
(2, 181)            : [362, 724]
(2, 449)            : 898
(3, 19)             : [57, 171, 513]
(2, 13, 29)         : 754
(11, 43)            : 473
(5, 41)             : 205
(2, 3, 139)         : 834
(2, 227)            : [454, 908]
(3, 311)            : 933
(7, 61)             : 427
(2, 3, 23)          : [138, 276, 414, 552, 828]
(2, 5, 67)          : 670
(23,)               : 529
(2, 311)            : 622
(2, 13, 37)         : 962
(2, 3, 89)          : 534
(2, 5)              : [10, 20, 40, 50, 80, 100, 160, 200, 250, 320, 400, 500, 640, 800, 1000]
(2, 337)            : 674
(3, 131)            : 393
(19, 29)            : 551
(5, 11, 17)         : 935
(2, 3, 7, 11)       : [462, 924]
(2, 3, 131)         : 786
(2, 331)            : 662
(11, 67)            : 737
(3, 7, 37)          : 777
(3, 5, 13)          : [195, 585, 975]
(5, 181)            : 905
(2, 89)             : [178, 356, 712]
(2, 3, 47)          : [282, 564, 846]
(13, 73)            : 949
(11, 89)            : 979
(2, 3, 7, 23)       : 966
(3, 79)             : [237, 711]
(2, 5, 7, 13)       : 910
(2, 3, 163)         : 978
(17, 41)            : 697
(2, 5, 7, 11)       : 770
(2, 109)            : [218, 436, 872]
(13, 61)            : 793
(13, 23)            : 299
(2, 467)            : 934
(7, 97)             : 679
(5, 113)            : 565
(2, 5, 83)          : 830
(2, 461)            : 922
(7, 127)            : 889
(2, 487)            : 974
(2, 11, 13)         : [286, 572]
(3, 281)            : 843
(5, 37)             : [185, 925]
(3, 263)            : 789
(2, 239)            : [478, 956]
(3, 197)            : 591
(3, 13, 17)         : 663
(2, 3, 31)          : [186, 372, 558, 744]
(2, 23)             : [46, 92, 184, 368, 736]
(3, 5, 59)          : 885
(3, 241)            : 723
(2, 3, 97)          : 582
(2, 5, 17)          : [170, 340, 680, 850]
(2, 349)            : 698
(2, 281)            : 562
(3, 151)            : 453
(5, 167)            : 835
(2, 43)             : [86, 172, 344, 688]
(2, 3, 5, 13)       : [390, 780]
(2, 7, 11)          : [154, 308, 616]
(3, 7, 29)          : 609
(2, 401)            : 802
(3, 67)             : [201, 603]
(2, 127)            : [254, 508]
(2,)                : [4, 8, 16, 32, 64, 128, 256, 512]
(13, 47)            : 611
(2, 3, 5, 31)       : 930
(2, 11, 29)         : 638
(2, 5, 41)          : [410, 820]
(2, 421)            : 842
(2, 179)            : [358, 716]
(2, 479)            : 958
(7, 109)            : 763
(5, 13)             : [65, 325, 845]
(2, 173)            : [346, 692]
(11,)               : 121
(7, 11)             : [77, 539, 847]
(5, 23)             : [115, 575]
(3, 59)             : [177, 531]
(2, 199)            : [398, 796]
(2, 11, 37)         : 814
(3, 5, 43)          : 645
(2, 3, 113)         : 678
(2, 397)            : 794
(5, 7, 17)          : 595
(3, 307)            : 921
(2, 283)            : 566
(19, 43)            : 817
(3, 7, 13)          : [273, 819]
(2, 3)              : [6, 12, 18, 24, 36, 48, 54, 72, 96, 108, 144, 162, 192, 216, 288, 324, 384, 432, 486, 576, 648, 768, 864, 972]
(19, 31)            : 589
(3, 5, 19)          : [285, 855]
(3, 11, 19)         : 627
(29,)               : 841
(5, 179)            : 895
(13, 71)            : 923
(2, 13, 19)         : [494, 988]
(2, 113)            : [226, 452, 904]
(2, 7, 19)          : [266, 532]
(2, 107)            : [214, 428, 856]
(13, 59)            : 767
(2, 439)            : 878
(11, 23)            : 253
(5, 127)            : 635
(2, 191)            : [382, 764]
(3, 41)             : [123, 369]
(2, 7, 43)          : 602
(7, 23)             : 161
(2, 5, 73)          : 730
(3, 199)            : 597
(2, 263)            : 526
(2, 3, 67)          : [402, 804]
(2, 347)            : 694
(2, 41)             : [82, 164, 328, 656]
(3, 5, 11)          : [165, 495, 825]
(11, 73)            : 803
(2, 3, 17)          : [102, 204, 306, 408, 612, 816, 918]
(23, 41)            : 943
(3, 191)            : 573
(2, 67)             : [134, 268, 536]
(2, 367)            : 734
(11, 47)            : 517
(2, 7, 59)          : 826
(5, 71)             : 355
(3, 107)            : [321, 963]
(2, 151)            : [302, 604]
(2, 419)            : 838
(5, 97)             : 485
(3, 113)            : 339
(2, 3, 41)          : [246, 492, 738, 984]
(5, 11)             : [55, 275, 605]
(3, 23)             : [69, 207, 621]
(2, 61)             : [122, 244, 488, 976]
(3, 61)             : [183, 549]
(2, 197)            : [394, 788]
(2, 3, 83)          : [498, 996]
(2, 5, 7)           : [70, 140, 280, 350, 490, 560, 700, 980]
(2, 3, 149)         : 894
(17,)               : 289
(3, 7, 47)          : 987
(3, 257)            : 771
(2, 307)            : 614
(2, 3, 107)         : 642
(2, 5, 31)          : [310, 620]
(5, 151)            : 755
(2, 59)             : [118, 236, 472, 944]
(11, 71)            : 781
(3, 173)            : 519
(2, 353)            : 706
(3, 7, 23)          : 483
(3, 179)            : 537
(3, 13, 23)         : 897
(2, 79)             : [158, 316, 632]
(5, 73)             : 365
(3, 89)             : [267, 801]
(2, 11, 23)         : 506
(2, 5, 23)          : [230, 460, 920]
(5, 83)             : 415
(3, 127)            : 381
(2, 131)            : [262, 524]
(13, 19)            : 247
(2, 431)            : 862
(2, 17, 19)         : 646
(3, 5)              : [15, 45, 75, 135, 225, 375, 405, 675]
(2, 3, 7, 19)       : 798
(2, 7, 13)          : [182, 364, 728]
(2, 457)            : 914
(3, 7, 31)          : 651
(5, 7)              : [35, 175, 245, 875]
(3, 43)             : [129, 387]
(2, 5, 97)          : 970
(7, 17)             : [119, 833]
(17, 47)            : 799
(2, 241)            : [482, 964]
(2, 11, 31)         : 682
(2, 5, 47)          : [470, 940]
(5, 7, 23)          : 805
(3, 239)            : 717
(2, 19)             : [38, 76, 152, 304, 608, 722]
(3,)                : [9, 27, 81, 243, 729]
(19, 47)            : 893
(2, 13)             : [26, 52, 104, 208, 338, 416, 676, 832]
(5, 47)             : 235
(3, 5, 41)          : 615
(2, 3, 7, 13)       : 546
(3, 11, 29)         : 957
(5, 163)            : 815
(23, 43)            : 989
(17, 23)            : 391
(17, 31)            : 527
(2, 7, 29)          : [406, 812]
(3, 71)             : [213, 639]
(2, 19, 23)         : 874
(13, 43)            : 559
(3, 109)            : [327, 981]
(2, 149)            : [298, 596]
(2, 7, 71)          : 994
(11, 29)            : 319
(3, 5, 17)          : [255, 765]
(7, 83)             : 581
(2, 3, 11)          : [66, 132, 198, 264, 396, 528, 594, 726, 792]
(13, 31)            : 403
(3, 211)            : 633
(2, 13, 17)         : [442, 884]
(5, 19)             : [95, 475]
(2, 3, 5, 17)       : 510
(7, 29)             : 203
(5, 61)             : 305
(2, 3, 5, 23)       : 690
(7, 59)             : 413
(5, 199)            : 995
(3, 11, 13)         : 429
(3, 227)            : 681
(5, 139)            : 695
(2, 31)             : [62, 124, 248, 496, 992]
(3, 137)            : 411
(5, 149)            : 745
(5, 191)            : 955
(2, 83)             : [166, 332, 664]
(2, 5, 79)          : 790
(13, 67)            : 871
(2, 383)            : 766
(3, 181)            : 543
(2, 409)            : 818
(11, 53)            : 583
(2, 7, 37)          : 518
(2, 103)            : [206, 412, 824]
(3, 97)             : [291, 873]
(13, 17)            : 221
(3, 7)              : [21, 63, 147, 189, 441, 567]
(2, 3, 19)          : [114, 228, 342, 456, 684, 912]
(2, 5, 71)          : 710
(7, 47)             : 329
(2, 3, 11, 13)      : 858
(7, 19)             : [133, 931]
(2, 5, 13)          : [130, 260, 520, 650]
(2, 7, 61)          : 854
(7,)                : [49, 343]
(7, 41)             : 287
(3, 331)            : 993
(2, 233)            : [466, 932]
(2, 3, 43)          : [258, 516, 774]
(3, 17, 19)         : 969
(11, 79)            : 869
(2, 17)             : [34, 68, 136, 272, 544, 578]
(2, 317)            : 634
(2, 3, 109)         : 654
(2, 11)             : [22, 44, 88, 176, 242, 352, 484, 704, 968]
(2, 7, 53)          : 742
(3, 283)            : 849
(5, 7, 13)          : 455
(3, 157)            : 471
(19, 23)            : 437
(2, 37)             : [74, 148, 296, 592]
(5, 11, 13)         : 715
(2, 3, 151)         : 906
(7, 131)            : 917
(23, 37)            : 851
(3, 163)            : 489
(3, 7, 41)          : 861
(17, 29)            : 493
(3, 73)             : [219, 657]
(13, 41)            : 533
(2, 389)            : 778
(5, 67)             : 335
(2, 3, 101)         : 606
(2, 5, 29)          : [290, 580]
(11, 31)            : 341
(5, 109)            : 545
(13, 29)            : 377
(7, 107)            : 749
(3, 7, 17)          : 357
(2, 167)            : [334, 668]
(2, 3, 59)          : [354, 708]
(2, 499)            : 998
(3, 269)            : 807
(5, 17)             : [85, 425]
(2, 193)            : [386, 772]
(7, 31)             : 217
(5, 59)             : 295
(3, 293)            : 879
(2, 251)            : 502
(7, 53)             : 371
(5, 7, 19)          : 665
(2, 277)            : 554
(3, 223)            : 669
(2, 271)            : 542
(3, 229)            : 687
(5, 137)            : 685
(2, 29)             : [58, 116, 232, 464, 928]
(3, 139)            : 417
(19, 37)            : 703
(2, 101)            : [202, 404, 808]
(13, 53)            : 689
(2, 433)            : 866
(11, 13)            : 143
(7, 67)             : 469
(3, 5, 47)          : 705
(2, 3, 13)          : [78, 156, 234, 312, 468, 624, 702, 936]
(2, 5, 37)          : [370, 740]
(7, 89)             : 623
(2, 3, 137)         : 822
(3, 47)             : [141, 423]
(2, 7, 31)          : [434, 868]
(2, 211)            : [422, 844]
(7, 13)             : [91, 637]
(3, 53)             : [159, 477]
(7, 43)             : 301
(2, 11, 41)         : 902
(3, 5, 23)          : 345
(2, 3, 5)           : [30, 60, 90, 120, 150, 180, 240, 270, 300, 360, 450, 480, 540, 600, 720, 750, 810, 900, 960]
(2, 5, 61)          : 610
(3, 11, 23)         : 759
(2, 17, 29)         : 986
(2, 257)            : 514
(2, 3, 7, 17)       : 714
(2, 13, 23)         : 598
(2, 443)            : 886
(2, 3, 79)          : [474, 948]
(13,)               : 169
(2, 7, 23)          : [322, 644]
(29, 31)            : 899
(3, 5, 31)          : 465
(2, 3, 29)          : [174, 348, 522, 696]
(2, 5, 53)          : 530
(17, 19)            : 323
(11, 37)            : 407
(23, 29)            : 667
(2, 13, 31)         : 806
(2, 3, 71)          : [426, 852]
(17, 53)            : 901
(2, 7, 47)          : 658
(11, 59)            : 649
(11, 17)            : 187
(7, 79)             : 553
(5, 107)            : 535
(2, 139)            : [278, 556]
(3, 5, 7)           : [105, 315, 525, 735, 945]
(31,)               : 961
(7, 101)            : 707
(3, 29)             : [87, 261, 783]
